lab3.adb:1:09: warning: no entities of "Ada.Text_IO" are referenced [-gnatwu]
lab3.adb:1:31: warning: use clause for package "Text_IO" has no effect [-gnatwu]
lab3.adb:8:06: warning: no entities of "Bitmap_Color_Conversion" are referenced [-gnatwu]
lab3.adb:8:31: warning: use clause for package "Bitmap_Color_Conversion" has no effect [-gnatwu]
lab3.adb:14:05: (style) bad indentation
lab3.adb:17:05: (style) bad indentation
lab3.adb:18:05: (style) bad indentation
lab3.adb:20:05: (style) bad indentation
lab3.adb:20:05: warning: variable "LEDs" is not referenced [-gnatwu]
lab3.adb:22:05: (style) bad indentation
lab3.adb:23:05: (style) bad indentation
lab3.adb:24:05: (style) bad indentation
lab3.adb:25:05: (style) bad indentation
lab3.adb:27:05: (style) bad indentation
lab3.adb:27:05: warning: variable "Row1_state" is not referenced [-gnatwu]
lab3.adb:28:05: (style) bad indentation
lab3.adb:28:05: warning: variable "Row2_state" is not referenced [-gnatwu]
lab3.adb:29:05: (style) bad indentation
lab3.adb:29:05: warning: variable "Row3_state" is not referenced [-gnatwu]
lab3.adb:30:05: (style) bad indentation
lab3.adb:30:05: warning: variable "Row4_state" is not referenced [-gnatwu]
lab3.adb:32:05: (style) bad indentation
lab3.adb:32:05: warning: variable "Col1_state" is not referenced [-gnatwu]
lab3.adb:33:05: (style) bad indentation
lab3.adb:33:05: warning: variable "Col2_state" is not referenced [-gnatwu]
lab3.adb:34:05: (style) bad indentation
lab3.adb:34:05: warning: variable "Col3_state" is not referenced [-gnatwu]
lab3.adb:35:05: (style) bad indentation
lab3.adb:35:05: warning: variable "Col4_state" is not referenced [-gnatwu]
lab3.adb:37:05: (style) bad indentation
lab3.adb:38:05: (style) bad indentation
lab3.adb:39:05: (style) bad indentation
lab3.adb:40:05: (style) bad indentation
lab3.adb:42:05: (style) bad indentation
lab3.adb:43:05: (style) bad indentation
lab3.adb:43:05: warning: "Row_Pins" is not modified, could be declared constant [-gnatwk]
lab3.adb:46:05: (style) bad indentation
lab3.adb:47:05: (style) bad indentation
lab3.adb:53:05: (style) bad indentation
lab3.adb:55:05: (style) bad indentation
lab3.adb:65:05: (style) bad indentation
lab3.adb:66:05: (style) bad indentation
lab3.adb:68:05: (style) bad indentation
lab3.adb:69:05: (style) bad indentation
lab3.adb:71:05: (style) bad indentation
lab3.adb:72:05: (style) bad indentation
lab3.adb:73:09: (style) bad indentation
lab3.adb:74:09: (style) bad indentation
lab3.adb:75:05: (style) bad indentation
lab3.adb:77:05: (style) bad indentation
lab3.adb:78:05: (style) bad indentation
lab3.adb:79:09: (style) bad indentation
lab3.adb:80:09: (style) bad indentation
lab3.adb:84:05: (style) bad indentation
lab3.adb:86:05: (style) bad indentation
lab3.adb:87:05: (style) bad indentation
lab3.adb:88:09: (style) bad indentation
lab3.adb:91:09: (style) bad indentation
lab3.adb:94:09: (style) bad indentation
lab3.adb:95:05: (style) bad indentation
lab3.adb:97:05: (style) bad indentation
lab3.adb:98:05: (style) bad indentation
lab3.adb:99:09: (style) bad indentation
lab3.adb:100:09: (style) bad indentation
lab3.adb:101:09: (style) bad indentation
lab3.adb:103:05: (style) bad indentation
lab3.adb:105:05: (style) bad indentation
lab3.adb:106:09: (style) bad indentation
lab3.adb:107:09: (style) bad indentation
lab3.adb:108:05: (style) bad indentation
lab3.adb:109:09: (style) bad indentation
lab3.adb:110:09: (style) bad indentation
lab3.adb:112:09: (style) bad indentation
lab3.adb:116:09: (style) bad indentation
lab3.adb:117:05: (style) bad indentation
lab3.adb:119:05: (style) bad indentation
lab3.adb:120:05: (style) bad indentation
lab3.adb:121:09: (style) bad indentation
lab3.adb:122:05: (style) bad indentation
lab3.adb:123:05: (style) bad indentation
lab3.adb:124:05: (style) bad indentation
lab3.adb:125:09: (style) bad indentation
lab3.adb:126:05: (style) bad indentation
lab3.adb:128:05: (style) bad indentation
lab3.adb:130:05: (style) bad indentation
lab3.adb:131:09: (style) bad indentation
lab3.adb:131:09: warning: "S" is not modified, could be declared constant [-gnatwk]
lab3.adb:132:05: (style) bad indentation
lab3.adb:133:09: (style) bad indentation
lab3.adb:133:41: (style) "and then" required
lab3.adb:135:09: (style) bad indentation
lab3.adb:136:05: (style) bad indentation
lab3.adb:138:05: (style) bad indentation
lab3.adb:139:09: (style) bad indentation
lab3.adb:139:09: warning: "S" is not modified, could be declared constant [-gnatwk]
lab3.adb:140:05: (style) bad indentation
lab3.adb:141:09: (style) bad indentation
lab3.adb:141:41: (style) "and then" required
lab3.adb:144:09: (style) bad indentation
lab3.adb:145:41: (style) "and then" required
lab3.adb:146:17: (style) bad indentation
lab3.adb:148:09: (style) bad indentation
lab3.adb:149:05: (style) bad indentation
lab3.adb:151:05: (style) bad indentation
lab3.adb:152:05: (style) bad indentation
lab3.adb:153:09: (style) bad indentation
lab3.adb:158:09: (style) bad indentation
lab3.adb:161:09: (style) bad indentation
lab3.adb:162:05: (style) bad indentation
lab3.adb:164:05: (style) bad indentation
lab3.adb:165:09: (style) bad indentation
lab3.adb:165:09: warning: "Result" is not modified, could be declared constant [-gnatwk]
lab3.adb:166:05: (style) bad indentation
lab3.adb:167:09: (style) bad indentation
lab3.adb:168:05: (style) bad indentation
lab3.adb:171:05: (style) bad indentation
lab3.adb:172:05: (style) bad indentation
lab3.adb:173:05: (style) bad indentation
lab3.adb:174:05: (style) bad indentation
lab3.adb:175:05: (style) bad indentation
lab3.adb:176:05: (style) bad indentation
lab3.adb:177:05: (style) bad indentation
lab3.adb:178:05: (style) bad indentation
lab3.adb:179:05: (style) bad indentation
lab3.adb:180:05: (style) bad indentation
lab3.adb:181:05: (style) bad indentation
lab3.adb:182:05: (style) bad indentation
lab3.adb:183:05: (style) bad indentation
lab3.adb:184:05: (style) bad indentation
lab3.adb:185:05: (style) bad indentation
lab3.adb:186:05: (style) bad indentation
lab3.adb:188:05: (style) bad indentation
lab3.adb:189:09: (style) bad indentation
lab3.adb:192:17: (style) bad indentation
lab3.adb:196:17: (style) bad indentation
lab3.adb:199:09: (style) bad indentation
lab3.adb:200:09: (style) bad indentation
lab3.adb:202:09: (style) bad indentation
lab3.adb:203:09: (style) bad indentation
lab3.adb:204:05: (style) bad indentation
